2022-05-21 09:31:46,728 [Worker-2: Loading available Gradle versions] INFO  o.e.b.c.i.u.g.PublishedGradleVersions - Gradle version information cache is up-to-date. Trying to read.
2022-05-21 09:53:36,149 [Worker-11: Building] INFO  o.e.m.c.i.l.LifecycleMappingFactory - Using org.eclipse.m2e.jdt.JarLifecycleMapping lifecycle mapping for MavenProject: sv.iuh:CreateTableByHibernate:0.0.1-SNAPSHOT @ F:\HocKi_2_Nam_3\LapTrinhWWW(Java)\Labs\BTL_WWW_Java_Ver_IV\CreateTableByHibernate\pom.xml.
2022-05-21 09:53:36,149 [Worker-13: Updating Maven Dependencies] INFO  o.e.m.c.i.l.LifecycleMappingFactory - Using org.eclipse.m2e.jdt.JarLifecycleMapping lifecycle mapping for MavenProject: sv.iuh:CreateTableByHibernate:0.0.1-SNAPSHOT @ F:\HocKi_2_Nam_3\LapTrinhWWW(Java)\Labs\BTL_WWW_Java_Ver_IV\CreateTableByHibernate\pom.xml.
2022-05-21 09:53:40,243 [Worker-11: Building] WARN  o.e.m.c.i.embedder.EclipseLogger - Using platform encoding (Cp1252 actually) to copy filtered resources, i.e. build is platform dependent!
2022-05-21 09:53:40,253 [Worker-11: Building] INFO  o.e.m.c.i.embedder.EclipseLogger - Copying 1 resource
2022-05-21 09:53:40,266 [Worker-11: Building] WARN  o.e.m.c.i.embedder.EclipseLogger - Using platform encoding (Cp1252 actually) to copy filtered resources, i.e. build is platform dependent!
2022-05-21 09:53:40,267 [Worker-11: Building] INFO  o.e.m.c.i.embedder.EclipseLogger - Copying 0 resource
2022-05-21 09:53:42,419 [Worker-12: Updating Maven Dependencies] INFO  o.e.m.c.i.l.LifecycleMappingFactory - Using org.eclipse.m2e.jdt.JarLifecycleMapping lifecycle mapping for MavenProject: sv.iuh:CreateTableByHibernate:0.0.1-SNAPSHOT @ F:\HocKi_2_Nam_3\LapTrinhWWW(Java)\Labs\BTL_WWW_Java_Ver_IV\CreateTableByHibernate\pom.xml.
2022-05-21 09:53:45,369 [Worker-15: Building] WARN  o.e.m.c.i.embedder.EclipseLogger - Using platform encoding (Cp1252 actually) to copy filtered resources, i.e. build is platform dependent!
2022-05-21 09:53:45,373 [Worker-15: Building] INFO  o.e.m.c.i.embedder.EclipseLogger - Copying 1 resource
2022-05-21 09:53:45,387 [Worker-15: Building] WARN  o.e.m.c.i.embedder.EclipseLogger - Using platform encoding (Cp1252 actually) to copy filtered resources, i.e. build is platform dependent!
2022-05-21 09:53:45,388 [Worker-15: Building] INFO  o.e.m.c.i.embedder.EclipseLogger - Copying 0 resource
2022-05-21 09:54:05,452 [Worker-9: Building] INFO  o.e.m.c.i.l.LifecycleMappingFactory - Using org.maven.ide.eclipse.wtp.WarLifecycleMapping lifecycle mapping for MavenProject: sv.iuh.edu.nhom12:WWW-2022-Nhom12-websiteCoKhi:0.0.1-SNAPSHOT @ F:\HocKi_2_Nam_3\LapTrinhWWW(Java)\Labs\BTL_WWW_Java_Ver_IV\WWW-2022-Nhom12-websiteCoKhi\pom.xml.
2022-05-21 09:54:06,628 [Worker-9: Building] WARN  o.e.m.c.i.embedder.EclipseLogger - The artifact org.hibernate:hibernate-validator:jar:6.2.0.Final has been relocated to org.hibernate.validator:hibernate-validator:jar:6.2.0.Final
2022-05-21 09:54:06,927 [Worker-9: Building] WARN  o.e.m.c.i.embedder.EclipseLogger - The artifact org.hibernate:hibernate-validator:jar:6.2.0.Final has been relocated to org.hibernate.validator:hibernate-validator:jar:6.2.0.Final
2022-05-21 09:54:18,592 [Worker-9: Building] WARN  o.e.m.c.i.embedder.EclipseLogger - Using platform encoding (Cp1252 actually) to copy filtered resources, i.e. build is platform dependent!
2022-05-21 09:54:18,594 [Worker-9: Building] INFO  o.e.m.c.i.embedder.EclipseLogger - Copying 2 resources
2022-05-21 09:54:18,604 [Worker-9: Building] WARN  o.e.m.c.i.embedder.EclipseLogger - Using platform encoding (Cp1252 actually) to copy filtered resources, i.e. build is platform dependent!
2022-05-21 09:54:18,607 [Worker-9: Building] INFO  o.e.m.c.i.embedder.EclipseLogger - Copying 0 resource
2022-05-21 09:54:21,933 [Worker-15: Building] WARN  o.e.m.c.i.embedder.EclipseLogger - The artifact org.hibernate:hibernate-validator:jar:6.2.0.Final has been relocated to org.hibernate.validator:hibernate-validator:jar:6.2.0.Final
2022-05-21 09:54:21,962 [Worker-15: Building] WARN  o.e.m.c.i.embedder.EclipseLogger - Using platform encoding (Cp1252 actually) to copy filtered resources, i.e. build is platform dependent!
2022-05-21 09:54:21,966 [Worker-15: Building] INFO  o.e.m.c.i.embedder.EclipseLogger - Copying 2 resources
2022-05-21 09:54:22,029 [Worker-15: Building] WARN  o.e.m.c.i.embedder.EclipseLogger - Using platform encoding (Cp1252 actually) to copy filtered resources, i.e. build is platform dependent!
2022-05-21 09:54:22,032 [Worker-15: Building] INFO  o.e.m.c.i.embedder.EclipseLogger - Copying 0 resource
2022-05-21 09:55:17,488 [Worker-17: Building] INFO  o.e.m.c.i.l.LifecycleMappingFactory - Using org.maven.ide.eclipse.wtp.WarLifecycleMapping lifecycle mapping for MavenProject: sv.iuh.edu:WWW-2022-Nhom12-websiteCoKhi-rest-server:0.0.1-SNAPSHOT @ F:\HocKi_2_Nam_3\LapTrinhWWW(Java)\Labs\BTL_WWW_Java_Ver_IV\WWW-2022-Nhom12-websiteCoKhi-rest-server\pom.xml.
2022-05-21 09:55:19,296 [Worker-17: Building] WARN  o.e.m.c.i.embedder.EclipseLogger - Using platform encoding (Cp1252 actually) to copy filtered resources, i.e. build is platform dependent!
2022-05-21 09:55:19,298 [Worker-17: Building] INFO  o.e.m.c.i.embedder.EclipseLogger - Copying 1 resource
2022-05-21 09:55:19,303 [Worker-17: Building] WARN  o.e.m.c.i.embedder.EclipseLogger - Using platform encoding (Cp1252 actually) to copy filtered resources, i.e. build is platform dependent!
2022-05-21 09:55:19,304 [Worker-17: Building] INFO  o.e.m.c.i.embedder.EclipseLogger - Copying 0 resource
2022-05-21 09:55:21,837 [Worker-17: Building] WARN  o.e.m.c.i.embedder.EclipseLogger - Using platform encoding (Cp1252 actually) to copy filtered resources, i.e. build is platform dependent!
2022-05-21 09:55:21,839 [Worker-17: Building] INFO  o.e.m.c.i.embedder.EclipseLogger - Copying 1 resource
2022-05-21 09:55:21,846 [Worker-17: Building] WARN  o.e.m.c.i.embedder.EclipseLogger - Using platform encoding (Cp1252 actually) to copy filtered resources, i.e. build is platform dependent!
2022-05-21 09:55:21,847 [Worker-17: Building] INFO  o.e.m.c.i.embedder.EclipseLogger - Copying 0 resource
2022-05-21 09:55:32,782 [Worker-12: Updating Maven Project] INFO  o.e.m.c.i.p.ProjectConfigurationManager - Update started
2022-05-21 09:55:32,929 [Worker-12: Updating Maven Project] INFO  o.e.m.c.i.l.LifecycleMappingFactory - Using org.maven.ide.eclipse.wtp.WarLifecycleMapping lifecycle mapping for MavenProject: sv.iuh.edu.nhom12:WWW-2022-Nhom12-websiteCoKhi:0.0.1-SNAPSHOT @ F:\HocKi_2_Nam_3\LapTrinhWWW(Java)\Labs\BTL_WWW_Java_Ver_IV\WWW-2022-Nhom12-websiteCoKhi\pom.xml.
2022-05-21 09:55:33,087 [Worker-12: Updating Maven Project] WARN  o.e.m.c.i.embedder.EclipseLogger - The artifact org.hibernate:hibernate-validator:jar:6.2.0.Final has been relocated to org.hibernate.validator:hibernate-validator:jar:6.2.0.Final
2022-05-21 09:55:33,148 [Worker-12: Updating Maven Project] WARN  o.e.m.c.i.embedder.EclipseLogger - The artifact org.hibernate:hibernate-validator:jar:6.2.0.Final has been relocated to org.hibernate.validator:hibernate-validator:jar:6.2.0.Final
2022-05-21 09:55:33,841 [Worker-12: Updating Maven Project] INFO  o.e.m.j.i.AbstractJavaProjectConfigurator - Adding source folder /WWW-2022-Nhom12-websiteCoKhi/src/main/java
2022-05-21 09:55:33,842 [Worker-12: Updating Maven Project] INFO  o.e.m.j.i.AbstractJavaProjectConfigurator - Adding resource folder /WWW-2022-Nhom12-websiteCoKhi/src/main/resources
2022-05-21 09:55:33,842 [Worker-12: Updating Maven Project] INFO  o.e.m.j.i.AbstractJavaProjectConfigurator - Adding source folder /WWW-2022-Nhom12-websiteCoKhi/src/test/java
2022-05-21 09:55:33,843 [Worker-12: Updating Maven Project] INFO  o.e.m.j.i.AbstractJavaProjectConfigurator - Adding resource folder /WWW-2022-Nhom12-websiteCoKhi/src/test/resources
2022-05-21 09:55:35,649 [Worker-12: Updating Maven Project] INFO  o.e.m.w.i.f.ResourceFilteringBuildParticipant - Cleaning filtered folder for WWW-2022-Nhom12-websiteCoKhi
2022-05-21 09:55:35,697 [Worker-12: Updating Maven Project] INFO  o.e.m.c.i.p.ProjectConfigurationManager - Update completed: 2 sec
2022-05-21 09:55:36,467 [Worker-11: Building] WARN  o.e.m.c.i.embedder.EclipseLogger - The artifact org.hibernate:hibernate-validator:jar:6.2.0.Final has been relocated to org.hibernate.validator:hibernate-validator:jar:6.2.0.Final
2022-05-21 09:55:36,507 [Worker-11: Building] WARN  o.e.m.c.i.embedder.EclipseLogger - Using platform encoding (Cp1252 actually) to copy filtered resources, i.e. build is platform dependent!
2022-05-21 09:55:36,509 [Worker-11: Building] INFO  o.e.m.c.i.embedder.EclipseLogger - Copying 2 resources
2022-05-21 09:55:36,515 [Worker-11: Building] WARN  o.e.m.c.i.embedder.EclipseLogger - Using platform encoding (Cp1252 actually) to copy filtered resources, i.e. build is platform dependent!
2022-05-21 09:55:36,516 [Worker-11: Building] INFO  o.e.m.c.i.embedder.EclipseLogger - Copying 0 resource
2022-05-21 09:55:36,517 [Worker-11: Building] INFO  o.e.m.w.i.f.ResourceFilteringBuildParticipant - Changed resources require a complete clean of filtered resources of WWW-2022-Nhom12-websiteCoKhi
2022-05-21 09:55:36,518 [Worker-11: Building] INFO  o.e.m.w.i.f.ResourceFilteringBuildParticipant - Executing resource filtering for WWW-2022-Nhom12-websiteCoKhi
2022-05-21 09:55:36,578 [Worker-11: Building] WARN  o.e.m.c.i.embedder.EclipseLogger - Using platform encoding (Cp1252 actually) to copy filtered resources, i.e. build is platform dependent!
2022-05-21 10:02:00,291 [Worker-14: Building] WARN  o.e.m.c.i.embedder.EclipseLogger - Using platform encoding (Cp1252 actually) to copy filtered resources, i.e. build is platform dependent!
2022-05-21 10:02:00,294 [Worker-14: Building] INFO  o.e.m.c.i.embedder.EclipseLogger - Copying 2 resources
2022-05-21 10:02:00,301 [Worker-14: Building] WARN  o.e.m.c.i.embedder.EclipseLogger - Using platform encoding (Cp1252 actually) to copy filtered resources, i.e. build is platform dependent!
2022-05-21 10:02:00,323 [Worker-14: Building] INFO  o.e.m.c.i.embedder.EclipseLogger - Copying 0 resource
2022-05-21 10:21:02,734 [Worker-31: Building] WARN  o.e.m.c.i.embedder.EclipseLogger - Using platform encoding (Cp1252 actually) to copy filtered resources, i.e. build is platform dependent!
2022-05-21 10:21:02,735 [Worker-31: Building] INFO  o.e.m.c.i.embedder.EclipseLogger - Copying 0 resource
2022-05-21 10:21:02,737 [Worker-31: Building] WARN  o.e.m.c.i.embedder.EclipseLogger - Using platform encoding (Cp1252 actually) to copy filtered resources, i.e. build is platform dependent!
2022-05-21 10:21:02,738 [Worker-31: Building] INFO  o.e.m.c.i.embedder.EclipseLogger - Copying 0 resource
